# JRE version: OpenJDK Runtime Environment (8.0_292-b10) (build 1.8.0_292-b10)
# Java VM: OpenJDK 64-Bit Server VM (25.292-b10 mixed mode linux-amd64 compressed oops)
Heap:
 PSYoungGen      total 233472K, used 74520K [0x00000000f0000000, 0x0000000100000000, 0x0000000100000000)
  eden space 214016K, 25% used [0x00000000f0000000,0x00000000f36071e0,0x00000000fd100000)
  from space 19456K, 98% used [0x00000000fd100000,0x00000000fe3bf1e8,0x00000000fe400000)
  to   space 24576K, 0% used [0x00000000fe800000,0x00000000fe800000,0x0000000100000000)
 ParOldGen       total 524288K, used 98745K [0x00000000d0000000, 0x00000000f0000000, 0x00000000f0000000)
  object space 524288K, 18% used [0x00000000d0000000,0x00000000d606e690,0x00000000f0000000)
 Metaspace       used 82124K, capacity 85294K, committed 98600K, reserved 1132544K
  class space    used 10216K, capacity 11393K, committed 14888K, reserved 1048576K
GC Heap History (10 events):
Event: 12525.686 GC heap before
{Heap before GC invocations=77 (full 3):
 PSYoungGen      total 236544K, used 106051K [0x00000000f0000000, 0x0000000100000000, 0x0000000100000000)
  eden space 211456K, 43% used [0x00000000f0000000,0x00000000f5a71810,0x00000000fce80000)
  from space 25088K, 53% used [0x00000000fce80000,0x00000000fdb9f6b0,0x00000000fe700000)
  to   space 24064K, 0% used [0x00000000fe880000,0x00000000fe880000,0x0000000100000000)
 ParOldGen       total 524288K, used 118467K [0x00000000d0000000, 0x00000000f0000000, 0x00000000f0000000)
  object space 524288K, 22% used [0x00000000d0000000,0x00000000d73b0c38,0x00000000f0000000)
 Metaspace       used 92026K, capacity 98530K, committed 98600K, reserved 1132544K
  class space    used 12703K, capacity 14818K, committed 14888K, reserved 1048576K
Event: 12525.693 GC heap after
Heap after GC invocations=77 (full 3):
 PSYoungGen      total 238592K, used 13473K [0x00000000f0000000, 0x0000000100000000, 0x0000000100000000)
  eden space 214528K, 0% used [0x00000000f0000000,0x00000000f0000000,0x00000000fd180000)
  from space 24064K, 55% used [0x00000000fe880000,0x00000000ff5a8548,0x0000000100000000)
  to   space 23552K, 0% used [0x00000000fd180000,0x00000000fd180000,0x00000000fe880000)
 ParOldGen       total 524288K, used 118939K [0x00000000d0000000, 0x00000000f0000000, 0x00000000f0000000)
  object space 524288K, 22% used [0x00000000d0000000,0x00000000d7426c38,0x00000000f0000000)
 Metaspace       used 92026K, capacity 98530K, committed 98600K, reserved 1132544K
  class space    used 12703K, capacity 14818K, committed 14888K, reserved 1048576K
}
Event: 12525.693 GC heap before
{Heap before GC invocations=78 (full 4):
 PSYoungGen      total 238592K, used 13473K [0x00000000f0000000, 0x0000000100000000, 0x0000000100000000)
  eden space 214528K, 0% used [0x00000000f0000000,0x00000000f0000000,0x00000000fd180000)
  from space 24064K, 55% used [0x00000000fe880000,0x00000000ff5a8548,0x0000000100000000)
  to   space 23552K, 0% used [0x00000000fd180000,0x00000000fd180000,0x00000000fe880000)
 ParOldGen       total 524288K, used 118939K [0x00000000d0000000, 0x00000000f0000000, 0x00000000f0000000)
  object space 524288K, 22% used [0x00000000d0000000,0x00000000d7426c38,0x00000000f0000000)
 Metaspace       used 92026K, capacity 98530K, committed 98600K, reserved 1132544K
  class space    used 12703K, capacity 14818K, committed 14888K, reserved 1048576K
Event: 12525.990 GC heap after
Heap after GC invocations=78 (full 4):
 PSYoungGen      total 238592K, used 0K [0x00000000f0000000, 0x0000000100000000, 0x0000000100000000)
  eden space 214528K, 0% used [0x00000000f0000000,0x00000000f0000000,0x00000000fd180000)
  from space 24064K, 0% used [0x00000000fe880000,0x00000000fe880000,0x0000000100000000)
  to   space 23552K, 0% used [0x00000000fd180000,0x00000000fd180000,0x00000000fe880000)
 ParOldGen       total 524288K, used 98729K [0x00000000d0000000, 0x00000000f0000000, 0x00000000f0000000)
  object space 524288K, 18% used [0x00000000d0000000,0x00000000d606a690,0x00000000f0000000)
 Metaspace       used 80482K, capacity 82814K, committed 98600K, reserved 1132544K
  class space    used 9853K, capacity 10633K, committed 14888K, reserved 1048576K
}
Event: 12536.169 GC heap before
{Heap before GC invocations=79 (full 4):
 PSYoungGen      total 238592K, used 214528K [0x00000000f0000000, 0x0000000100000000, 0x0000000100000000)
  eden space 214528K, 100% used [0x00000000f0000000,0x00000000fd180000,0x00000000fd180000)
  from space 24064K, 0% used [0x00000000fe880000,0x00000000fe880000,0x0000000100000000)
  to   space 23552K, 0% used [0x00000000fd180000,0x00000000fd180000,0x00000000fe880000)
 ParOldGen       total 524288K, used 98729K [0x00000000d0000000, 0x00000000f0000000, 0x00000000f0000000)
  object space 524288K, 18% used [0x00000000d0000000,0x00000000d606a690,0x00000000f0000000)
 Metaspace       used 80900K, capacity 83610K, committed 98600K, reserved 1132544K
  class space    used 10016K, capacity 10964K, committed 14888K, reserved 1048576K
Event: 12536.175 GC heap after
Heap after GC invocations=79 (full 4):
 PSYoungGen      total 238080K, used 8756K [0x00000000f0000000, 0x0000000100000000, 0x0000000100000000)
  eden space 214528K, 0% used [0x00000000f0000000,0x00000000f0000000,0x00000000fd180000)
  from space 23552K, 37% used [0x00000000fd180000,0x00000000fda0d0b0,0x00000000fe880000)
  to   space 23552K, 0% used [0x00000000fe900000,0x00000000fe900000,0x0000000100000000)
 ParOldGen       total 524288K, used 98729K [0x00000000d0000000, 0x00000000f0000000, 0x00000000f0000000)
  object space 524288K, 18% used [0x00000000d0000000,0x00000000d606a690,0x00000000f0000000)
 Metaspace       used 80900K, capacity 83610K, committed 98600K, reserved 1132544K
  class space    used 10016K, capacity 10964K, committed 14888K, reserved 1048576K
}
Event: 18071.876 GC heap before
{Heap before GC invocations=80 (full 4):
 PSYoungGen      total 238080K, used 223284K [0x00000000f0000000, 0x0000000100000000, 0x0000000100000000)
  eden space 214528K, 100% used [0x00000000f0000000,0x00000000fd180000,0x00000000fd180000)
  from space 23552K, 37% used [0x00000000fd180000,0x00000000fda0d0b0,0x00000000fe880000)
  to   space 23552K, 0% used [0x00000000fe900000,0x00000000fe900000,0x0000000100000000)
 ParOldGen       total 524288K, used 98729K [0x00000000d0000000, 0x00000000f0000000, 0x00000000f0000000)
  object space 524288K, 18% used [0x00000000d0000000,0x00000000d606a690,0x00000000f0000000)
 Metaspace       used 81380K, capacity 84440K, committed 98600K, reserved 1132544K
  class space    used 10138K, capacity 11291K, committed 14888K, reserved 1048576K
Event: 18071.892 GC heap after
Heap after GC invocations=80 (full 4):
 PSYoungGen      total 237568K, used 17199K [0x00000000f0000000, 0x0000000100000000, 0x0000000100000000)
  eden space 214016K, 0% used [0x00000000f0000000,0x00000000f0000000,0x00000000fd100000)
  from space 23552K, 73% used [0x00000000fe900000,0x00000000ff9cbf90,0x0000000100000000)
  to   space 24064K, 0% used [0x00000000fd100000,0x00000000fd100000,0x00000000fe880000)
 ParOldGen       total 524288K, used 98737K [0x00000000d0000000, 0x00000000f0000000, 0x00000000f0000000)
  object space 524288K, 18% used [0x00000000d0000000,0x00000000d606c690,0x00000000f0000000)
 Metaspace       used 81380K, capacity 84440K, committed 98600K, reserved 1132544K
  class space    used 10138K, capacity 11291K, committed 14888K, reserved 1048576K
}
Event: 19182.269 GC heap before
{Heap before GC invocations=81 (full 4):
 PSYoungGen      total 237568K, used 231215K [0x00000000f0000000, 0x0000000100000000, 0x0000000100000000)
  eden space 214016K, 100% used [0x00000000f0000000,0x00000000fd100000,0x00000000fd100000)
  from space 23552K, 73% used [0x00000000fe900000,0x00000000ff9cbf90,0x0000000100000000)
  to   space 24064K, 0% used [0x00000000fd100000,0x00000000fd100000,0x00000000fe880000)
 ParOldGen       total 524288K, used 98737K [0x00000000d0000000, 0x00000000f0000000, 0x00000000f0000000)
  object space 524288K, 18% used [0x00000000d0000000,0x00000000d606c690,0x00000000f0000000)
 Metaspace       used 82030K, capacity 85122K, committed 98600K, reserved 1132544K
  class space    used 10187K, capacity 11358K, committed 14888K, reserved 1048576K
Event: 19182.276 GC heap after
Heap after GC invocations=81 (full 4):
 PSYoungGen      total 233472K, used 19196K [0x00000000f0000000, 0x0000000100000000, 0x0000000100000000)
  eden space 214016K, 0% used [0x00000000f0000000,0x00000000f0000000,0x00000000fd100000)
  from space 19456K, 98% used [0x00000000fd100000,0x00000000fe3bf1e8,0x00000000fe400000)
  to   space 24576K, 0% used [0x00000000fe800000,0x00000000fe800000,0x0000000100000000)
 ParOldGen       total 524288K, used 98745K [0x00000000d0000000, 0x00000000f0000000, 0x00000000f0000000)
  object space 524288K, 18% used [0x00000000d0000000,0x00000000d606e690,0x00000000f0000000)
 Metaspace       used 82030K, capacity 85122K, committed 98600K, reserved 1132544K
  class space    used 10187K, capacity 11358K, committed 14888K, reserved 1048576K
}

