# JRE version: OpenJDK Runtime Environment (8.0_292-b10) (build 1.8.0_292-b10)
# Java VM: OpenJDK 64-Bit Server VM (25.292-b10 mixed mode linux-amd64 compressed oops)
Heap:
 PSYoungGen      total 218112K, used 176243K [0x00000000f0000000, 0x0000000100000000, 0x0000000100000000)
  eden space 182272K, 77% used [0x00000000f0000000,0x00000000f8980ec0,0x00000000fb200000)
  from space 35840K, 98% used [0x00000000fb200000,0x00000000fd49beb0,0x00000000fd500000)
  to   space 44032K, 0% used [0x00000000fd500000,0x00000000fd500000,0x0000000100000000)
 ParOldGen       total 524288K, used 71800K [0x00000000d0000000, 0x00000000f0000000, 0x00000000f0000000)
  object space 524288K, 13% used [0x00000000d0000000,0x00000000d461e000,0x00000000f0000000)
 Metaspace       used 71783K, capacity 73934K, committed 74032K, reserved 1114112K
  class space    used 9227K, capacity 9961K, committed 10032K, reserved 1048576K
GC Heap History (10 events):
Event: 6.943 GC heap before
{Heap before GC invocations=26 (full 3):
 PSYoungGen      total 231424K, used 216850K [0x00000000f0000000, 0x0000000100000000, 0x0000000100000000)
  eden space 199680K, 100% used [0x00000000f0000000,0x00000000fc300000,0x00000000fc300000)
  from space 31744K, 54% used [0x00000000fe100000,0x00000000ff1c4830,0x0000000100000000)
  to   space 30720K, 0% used [0x00000000fc300000,0x00000000fc300000,0x00000000fe100000)
 ParOldGen       total 524288K, used 71760K [0x00000000d0000000, 0x00000000f0000000, 0x00000000f0000000)
  object space 524288K, 13% used [0x00000000d0000000,0x00000000d4614000,0x00000000f0000000)
 Metaspace       used 63801K, capacity 64946K, committed 65328K, reserved 1105920K
  class space    used 7938K, capacity 8228K, committed 8240K, reserved 1048576K
Event: 6.949 GC heap after
Heap after GC invocations=26 (full 3):
 PSYoungGen      total 230400K, used 21019K [0x00000000f0000000, 0x0000000100000000, 0x0000000100000000)
  eden space 199680K, 0% used [0x00000000f0000000,0x00000000f0000000,0x00000000fc300000)
  from space 30720K, 68% used [0x00000000fc300000,0x00000000fd786ed8,0x00000000fe100000)
  to   space 31744K, 0% used [0x00000000fe100000,0x00000000fe100000,0x0000000100000000)
 ParOldGen       total 524288K, used 71768K [0x00000000d0000000, 0x00000000f0000000, 0x00000000f0000000)
  object space 524288K, 13% used [0x00000000d0000000,0x00000000d4616000,0x00000000f0000000)
 Metaspace       used 63801K, capacity 64946K, committed 65328K, reserved 1105920K
  class space    used 7938K, capacity 8228K, committed 8240K, reserved 1048576K
}
Event: 44.024 GC heap before
{Heap before GC invocations=27 (full 3):
 PSYoungGen      total 230400K, used 220699K [0x00000000f0000000, 0x0000000100000000, 0x0000000100000000)
  eden space 199680K, 100% used [0x00000000f0000000,0x00000000fc300000,0x00000000fc300000)
  from space 30720K, 68% used [0x00000000fc300000,0x00000000fd786ed8,0x00000000fe100000)
  to   space 31744K, 0% used [0x00000000fe100000,0x00000000fe100000,0x0000000100000000)
 ParOldGen       total 524288K, used 71768K [0x00000000d0000000, 0x00000000f0000000, 0x00000000f0000000)
  object space 524288K, 13% used [0x00000000d0000000,0x00000000d4616000,0x00000000f0000000)
 Metaspace       used 65964K, capacity 67256K, committed 67632K, reserved 1107968K
  class space    used 8272K, capacity 8658K, committed 8752K, reserved 1048576K
Event: 44.031 GC heap after
Heap after GC invocations=27 (full 3):
 PSYoungGen      total 226304K, used 25575K [0x00000000f0000000, 0x0000000100000000, 0x0000000100000000)
  eden space 194560K, 0% used [0x00000000f0000000,0x00000000f0000000,0x00000000fbe00000)
  from space 31744K, 80% used [0x00000000fe100000,0x00000000ff9f9e30,0x0000000100000000)
  to   space 33792K, 0% used [0x00000000fbe00000,0x00000000fbe00000,0x00000000fdf00000)
 ParOldGen       total 524288K, used 71776K [0x00000000d0000000, 0x00000000f0000000, 0x00000000f0000000)
  object space 524288K, 13% used [0x00000000d0000000,0x00000000d4618000,0x00000000f0000000)
 Metaspace       used 65964K, capacity 67256K, committed 67632K, reserved 1107968K
  class space    used 8272K, capacity 8658K, committed 8752K, reserved 1048576K
}
Event: 1370.342 GC heap before
{Heap before GC invocations=28 (full 3):
 PSYoungGen      total 226304K, used 220135K [0x00000000f0000000, 0x0000000100000000, 0x0000000100000000)
  eden space 194560K, 100% used [0x00000000f0000000,0x00000000fbe00000,0x00000000fbe00000)
  from space 31744K, 80% used [0x00000000fe100000,0x00000000ff9f9e30,0x0000000100000000)
  to   space 33792K, 0% used [0x00000000fbe00000,0x00000000fbe00000,0x00000000fdf00000)
 ParOldGen       total 524288K, used 71776K [0x00000000d0000000, 0x00000000f0000000, 0x00000000f0000000)
  object space 524288K, 13% used [0x00000000d0000000,0x00000000d4618000,0x00000000f0000000)
 Metaspace       used 67003K, capacity 68480K, committed 68656K, reserved 1110016K
  class space    used 8456K, capacity 8923K, committed 9008K, reserved 1048576K
Event: 1370.360 GC heap after
Heap after GC invocations=28 (full 3):
 PSYoungGen      total 222720K, used 27751K [0x00000000f0000000, 0x0000000100000000, 0x0000000100000000)
  eden space 194560K, 0% used [0x00000000f0000000,0x00000000f0000000,0x00000000fbe00000)
  from space 28160K, 98% used [0x00000000fbe00000,0x00000000fd919c00,0x00000000fd980000)
  to   space 36352K, 0% used [0x00000000fdc80000,0x00000000fdc80000,0x0000000100000000)
 ParOldGen       total 524288K, used 71784K [0x00000000d0000000, 0x00000000f0000000, 0x00000000f0000000)
  object space 524288K, 13% used [0x00000000d0000000,0x00000000d461a000,0x00000000f0000000)
 Metaspace       used 67003K, capacity 68480K, committed 68656K, reserved 1110016K
  class space    used 8456K, capacity 8923K, committed 9008K, reserved 1048576K
}
Event: 1420.601 GC heap before
{Heap before GC invocations=29 (full 3):
 PSYoungGen      total 222720K, used 222311K [0x00000000f0000000, 0x0000000100000000, 0x0000000100000000)
  eden space 194560K, 100% used [0x00000000f0000000,0x00000000fbe00000,0x00000000fbe00000)
  from space 28160K, 98% used [0x00000000fbe00000,0x00000000fd919c00,0x00000000fd980000)
  to   space 36352K, 0% used [0x00000000fdc80000,0x00000000fdc80000,0x0000000100000000)
 ParOldGen       total 524288K, used 71784K [0x00000000d0000000, 0x00000000f0000000, 0x00000000f0000000)
  object space 524288K, 13% used [0x00000000d0000000,0x00000000d461a000,0x00000000f0000000)
 Metaspace       used 69133K, capacity 70778K, committed 71088K, reserved 1112064K
  class space    used 8728K, capacity 9277K, committed 9392K, reserved 1048576K
Event: 1420.633 GC heap after
Heap after GC invocations=29 (full 3):
 PSYoungGen      total 218624K, used 32053K [0x00000000f0000000, 0x0000000100000000, 0x0000000100000000)
  eden space 182272K, 0% used [0x00000000f0000000,0x00000000f0000000,0x00000000fb200000)
  from space 36352K, 88% used [0x00000000fdc80000,0x00000000ffbcd5b8,0x0000000100000000)
  to   space 39936K, 0% used [0x00000000fb200000,0x00000000fb200000,0x00000000fd900000)
 ParOldGen       total 524288K, used 71792K [0x00000000d0000000, 0x00000000f0000000, 0x00000000f0000000)
  object space 524288K, 13% used [0x00000000d0000000,0x00000000d461c000,0x00000000f0000000)
 Metaspace       used 69133K, capacity 70778K, committed 71088K, reserved 1112064K
  class space    used 8728K, capacity 9277K, committed 9392K, reserved 1048576K
}
Event: 1421.948 GC heap before
{Heap before GC invocations=30 (full 3):
 PSYoungGen      total 218624K, used 214325K [0x00000000f0000000, 0x0000000100000000, 0x0000000100000000)
  eden space 182272K, 100% used [0x00000000f0000000,0x00000000fb200000,0x00000000fb200000)
  from space 36352K, 88% used [0x00000000fdc80000,0x00000000ffbcd5b8,0x0000000100000000)
  to   space 39936K, 0% used [0x00000000fb200000,0x00000000fb200000,0x00000000fd900000)
 ParOldGen       total 524288K, used 71792K [0x00000000d0000000, 0x00000000f0000000, 0x00000000f0000000)
  object space 524288K, 13% used [0x00000000d0000000,0x00000000d461c000,0x00000000f0000000)
 Metaspace       used 70633K, capacity 72538K, committed 72624K, reserved 1112064K
  class space    used 8997K, capacity 9591K, committed 9648K, reserved 1048576K
Event: 1421.974 GC heap after
Heap after GC invocations=30 (full 3):
 PSYoungGen      total 218112K, used 35439K [0x00000000f0000000, 0x0000000100000000, 0x0000000100000000)
  eden space 182272K, 0% used [0x00000000f0000000,0x00000000f0000000,0x00000000fb200000)
  from space 35840K, 98% used [0x00000000fb200000,0x00000000fd49beb0,0x00000000fd500000)
  to   space 44032K, 0% used [0x00000000fd500000,0x00000000fd500000,0x0000000100000000)
 ParOldGen       total 524288K, used 71800K [0x00000000d0000000, 0x00000000f0000000, 0x00000000f0000000)
  object space 524288K, 13% used [0x00000000d0000000,0x00000000d461e000,0x00000000f0000000)
 Metaspace       used 70633K, capacity 72538K, committed 72624K, reserved 1112064K
  class space    used 8997K, capacity 9591K, committed 9648K, reserved 1048576K
}

